22:10:21.188 [restartedMain] INFO  com.ibm.library.LibraryApplication - Starting LibraryApplication on Tamas-MacBook-Pro.local with PID 56013 (/Volumes/Data/Workspace/dev/reskill/workspace/exercises/library-pre-req/library/target/classes started by tama in /Volumes/Data/Workspace/dev/reskill/workspace/exercises/library-pre-req/library)
22:10:21.189 [restartedMain] DEBUG com.ibm.library.LibraryApplication - Running with Spring Boot v2.2.6.RELEASE, Spring v5.2.5.RELEASE
22:10:21.190 [restartedMain] INFO  com.ibm.library.LibraryApplication - No active profile set, falling back to default profiles: default
22:10:21.217 [restartedMain] INFO  org.springframework.boot.devtools.env.DevToolsPropertyDefaultsPostProcessor - Devtools property defaults active! Set 'spring.devtools.add-properties' to 'false' to disable
22:10:21.217 [restartedMain] INFO  org.springframework.boot.devtools.env.DevToolsPropertyDefaultsPostProcessor - For additional web related logging consider setting the 'logging.level.web' property to 'DEBUG'
22:10:21.872 [restartedMain] INFO  org.springframework.boot.web.embedded.tomcat.TomcatWebServer - Tomcat initialized with port(s): 9001 (http)
22:10:21.878 [restartedMain] INFO  org.apache.coyote.http11.Http11NioProtocol - Initializing ProtocolHandler ["http-nio-9001"]
22:10:21.878 [restartedMain] INFO  org.apache.catalina.core.StandardService - Starting service [Tomcat]
22:10:21.878 [restartedMain] INFO  org.apache.catalina.core.StandardEngine - Starting Servlet engine: [Apache Tomcat/9.0.33]
22:10:21.923 [restartedMain] INFO  org.apache.catalina.core.ContainerBase.[Tomcat].[localhost].[/] - Initializing Spring embedded WebApplicationContext
22:10:21.923 [restartedMain] INFO  org.springframework.web.context.ContextLoader - Root WebApplicationContext: initialization completed in 706 ms
22:10:22.102 [restartedMain] INFO  org.springframework.scheduling.concurrent.ThreadPoolTaskExecutor - Initializing ExecutorService 'applicationTaskExecutor'
22:10:22.226 [restartedMain] INFO  org.springframework.boot.devtools.autoconfigure.OptionalLiveReloadServer - LiveReload server is running on port 35729
22:10:22.229 [restartedMain] INFO  org.springframework.boot.actuate.endpoint.web.EndpointLinksResolver - Exposing 2 endpoint(s) beneath base path '/actuator'
22:10:22.250 [restartedMain] INFO  org.apache.coyote.http11.Http11NioProtocol - Starting ProtocolHandler ["http-nio-9001"]
22:10:22.260 [restartedMain] INFO  org.springframework.boot.web.embedded.tomcat.TomcatWebServer - Tomcat started on port(s): 9001 (http) with context path ''
22:10:22.263 [restartedMain] INFO  com.ibm.library.LibraryApplication - Started LibraryApplication in 1.232 seconds (JVM running for 1.768)
22:10:53.806 [http-nio-9001-exec-1] INFO  org.apache.catalina.core.ContainerBase.[Tomcat].[localhost].[/] - Initializing Spring DispatcherServlet 'dispatcherServlet'
22:10:53.807 [http-nio-9001-exec-1] INFO  org.springframework.web.servlet.DispatcherServlet - Initializing Servlet 'dispatcherServlet'
22:10:53.816 [http-nio-9001-exec-1] INFO  org.springframework.web.servlet.DispatcherServlet - Completed initialization in 9 ms
22:10:53.842 [http-nio-9001-exec-1] INFO  com.ibm.library.rest.LibraryController - Entered LibraryController.getBooks()
22:10:53.843 [http-nio-9001-exec-1] DEBUG com.ibm.library.service.LibraryServiceImpl - Entered LibraryServiceImpl.getBooks()
22:10:54.972 [http-nio-9001-exec-1] INFO  com.ibm.library.service.LibraryServiceImpl - Number of books retrieved: 3
22:10:54.973 [http-nio-9001-exec-1] DEBUG com.ibm.library.service.LibraryServiceImpl - Leaving LibraryServiceImpl.getBooks()
22:10:54.974 [http-nio-9001-exec-1] INFO  com.ibm.library.rest.LibraryController - Leaving LibraryController.getBooks()
22:11:30.538 [RMI TCP Connection(9)-127.0.0.1] INFO  org.springframework.boot.admin.SpringApplicationAdminMXBeanRegistrar$SpringApplicationAdmin - Application shutdown requested.
22:11:30.541 [RMI TCP Connection(9)-127.0.0.1] INFO  org.springframework.scheduling.concurrent.ThreadPoolTaskExecutor - Shutting down ExecutorService 'applicationTaskExecutor'
